{
  "RSpec": {
    "coverage": {
      "/Users/tarcisioskora/Projects/teste_ruby/app/models/customer.rb": {
        "lines": [
          null,
          null,
          1,
          1,
          null,
          1,
          null,
          1,
          null
        ]
      },
      "/Users/tarcisioskora/Projects/teste_ruby/app/models/item.rb": {
        "lines": [
          null,
          null,
          1,
          1,
          null,
          1,
          null
        ]
      },
      "/Users/tarcisioskora/Projects/teste_ruby/app/models/order.rb": {
        "lines": [
          null,
          null,
          1,
          1,
          1,
          1,
          null,
          1,
          1,
          null,
          1,
          1,
          null,
          1,
          1,
          null,
          1,
          null,
          null,
          null,
          null,
          null,
          null,
          null,
          null,
          null,
          null,
          null,
          null,
          null,
          null,
          null
        ]
      },
      "/Users/tarcisioskora/Projects/teste_ruby/app/models/payment.rb": {
        "lines": [
          null,
          null,
          1,
          1,
          null,
          1,
          null,
          1,
          null
        ]
      },
      "/Users/tarcisioskora/Projects/teste_ruby/app/controllers/api/v1/orders_controller.rb": {
        "lines": [
          null,
          null,
          1,
          1,
          null,
          1,
          6,
          null,
          6,
          0,
          null,
          null,
          6,
          5,
          null,
          1,
          null,
          null,
          null,
          1,
          null,
          1,
          6,
          null,
          null,
          1,
          null,
          14,
          null,
          null,
          null,
          null,
          null,
          null,
          null,
          null,
          null,
          null,
          null,
          null,
          null,
          null,
          null,
          null,
          null,
          null,
          null,
          null,
          2,
          null,
          null,
          1,
          14,
          null,
          2,
          null,
          null,
          1,
          14,
          null,
          2,
          null,
          null,
          1,
          8,
          14,
          null,
          6,
          null,
          null,
          1,
          266,
          null,
          null,
          1,
          6,
          186,
          null,
          null,
          null,
          1,
          12,
          12,
          null,
          null,
          12,
          null,
          null,
          null,
          null,
          null,
          0,
          null,
          null,
          1,
          12,
          null,
          12,
          null,
          null,
          null,
          null,
          null,
          null,
          null,
          null,
          0,
          null,
          null,
          1,
          12,
          null,
          12,
          null,
          null,
          null,
          null,
          0,
          null,
          null,
          1,
          6,
          null,
          null
        ]
      },
      "/Users/tarcisioskora/Projects/teste_ruby/app/controllers/application_controller.rb": {
        "lines": [
          null,
          null,
          1,
          1,
          2,
          null,
          null
        ]
      },
      "/Users/tarcisioskora/Projects/teste_ruby/app/services/process_order_service.rb": {
        "lines": [
          null,
          null,
          1,
          1,
          null,
          1,
          5,
          null,
          5,
          null,
          null,
          1,
          null,
          1,
          6,
          6,
          6,
          6,
          6,
          null,
          null,
          1,
          6,
          6,
          6,
          6,
          null,
          null
        ]
      },
      "/Users/tarcisioskora/Projects/teste_ruby/app/services/base_service.rb": {
        "lines": [
          null,
          null,
          1,
          1,
          6,
          null,
          null,
          1,
          0,
          null,
          null,
          1,
          0,
          null,
          null,
          1,
          0,
          null,
          null
        ]
      }
    },
    "timestamp": 1619623621
  }
}
